<?xml version="1.0" encoding="UTF-8"?>
<!-- Generated by org.testng.reporters.JUnitReportReporter -->
<testsuite hostname="BLR2T2WSF038" name="tests.VerifiedAprrovedStatus" tests="1" failures="0" timestamp="7 Aug 2018 08:31:10 GMT" time="111.644" errors="0">
  <testcase name="validateEntry" time="111.644" classname="tests.VerifiedAprrovedStatus"/>
</testsuite> <!-- tests.VerifiedAprrovedStatus -->
