<?xml version="1.0" encoding="UTF-8"?>
<!-- Generated by org.testng.reporters.JUnitReportReporter -->
<testsuite hostname="BLR2T2WSF038" name="tests.AdminLogin" tests="2" failures="0" timestamp="21 Jan 2019 08:13:26 GMT" time="13.075" errors="0">
  <testcase name="AdminLogin" time="5.096" classname="tests.AdminLogin"/>
  <testcase name="AdminLogin" time="7.979" classname="tests.AdminLogin"/>
</testsuite> <!-- tests.AdminLogin -->
