<?xml version="1.0" encoding="UTF-8"?>
<!-- Generated by org.testng.reporters.JUnitReportReporter -->
<testsuite hostname="BLR2T2WSF038" name="ReportCases.CurrentRevenue" tests="1" failures="0" timestamp="12 Sep 2018 06:46:54 GMT" time="0.773" errors="0">
  <testcase name="ProjectRevenue" time="0.773" classname="ReportCases.CurrentRevenue"/>
</testsuite> <!-- ReportCases.CurrentRevenue -->
