<?xml version="1.0" encoding="UTF-8"?>
<!-- Generated by org.testng.reporters.JUnitReportReporter -->
<testsuite hostname="BLR2T2WSF038" name="ReportCases.contributionProjection" tests="1" failures="0" timestamp="13 Sep 2018 07:03:47 GMT" time="19.220" errors="0">
  <testcase name="ProjectRevenue" time="19.220" classname="ReportCases.contributionProjection"/>
</testsuite> <!-- ReportCases.contributionProjection -->
