<?xml version="1.0" encoding="UTF-8"?>
<!-- Generated by org.testng.reporters.JUnitReportReporter -->
<testsuite hostname="BLR2T2WSF038" name="tests.LoginTest" tests="1" failures="0" timestamp="25 Jul 2018 10:58:47 GMT" time="0.278" errors="0">
  <testcase name="testLogin" time="0.278" classname="tests.LoginTest"/>
</testsuite> <!-- tests.LoginTest -->
