<?xml version="1.0" encoding="UTF-8"?>
<!-- Generated by org.testng.reporters.JUnitReportReporter -->
<testsuite hostname="BLR2T2WSF038" name="ReportCases.DailyRProjectRevenuePercentage" tests="1" failures="0" timestamp="21 Jan 2019 07:16:47 GMT" time="27.433" errors="0">
  <testcase name="ProjectRevenuePercentage" time="27.433" classname="ReportCases.DailyRProjectRevenuePercentage"/>
</testsuite> <!-- ReportCases.DailyRProjectRevenuePercentage -->
