<?xml version="1.0" encoding="UTF-8"?>
<!-- Generated by org.testng.reporters.JUnitReportReporter -->
<testsuite hostname="BLR2T2WSF038" name="DailyCurentRevenuePercentage" tests="1" failures="0" timestamp="9 Oct 2018 07:05:39 GMT" time="16.273" errors="0">
  <testcase name="DailyCurentRevenuePercentage" time="16.273" classname="DailyCurentRevenuePercentage"/>
</testsuite> <!-- DailyCurentRevenuePercentage -->
