<?xml version="1.0" encoding="UTF-8"?>
<!-- Generated by org.testng.reporters.JUnitReportReporter -->
<testsuite hostname="BLR2T2WSF038" name="ClientService.ClientEstimatedRevenue" tests="1" failures="0" timestamp="12 Oct 2018 10:31:02 GMT" time="25.897" errors="0">
  <testcase name="ClientEstimatedRevenue" time="25.897" classname="ClientService.ClientEstimatedRevenue"/>
</testsuite> <!-- ClientService.ClientEstimatedRevenue -->
