<?xml version="1.0" encoding="UTF-8"?>
<!-- Generated by org.testng.reporters.JUnitReportReporter -->
<testsuite hostname="BLR2T2WSF038" name="SharingPercentage" tests="1" failures="0" timestamp="10 Oct 2018 03:22:31 GMT" time="51.186" errors="0">
  <testcase name="DailyCurentRevenuePercentage" time="51.186" classname="SharingPercentage"/>
</testsuite> <!-- SharingPercentage -->
