<?xml version="1.0" encoding="UTF-8"?>
<!-- Generated by org.testng.reporters.JUnitReportReporter -->
<testsuite hostname="BLR2T2WSF038" name="ReportCases.EstimationRevenue" tests="1" failures="0" timestamp="14 Sep 2018 10:19:02 GMT" time="17.957" errors="0">
  <testcase name="EstimationRevenue" time="17.957" classname="ReportCases.EstimationRevenue"/>
</testsuite> <!-- ReportCases.EstimationRevenue -->
