<?xml version="1.0" encoding="UTF-8"?>
<!-- Generated by org.testng.reporters.JUnitReportReporter -->
<testsuite hostname="BLR2T2WSF038" name="tests.EditDataPendingStatus" tests="1" failures="0" timestamp="21 Jan 2019 08:13:26 GMT" time="123.089" errors="0">
  <testcase name="EditDataPendingStatus" time="123.089" classname="tests.EditDataPendingStatus"/>
</testsuite> <!-- tests.EditDataPendingStatus -->
