<?xml version="1.0" encoding="UTF-8"?>
<!-- Generated by org.testng.reporters.JUnitReportReporter -->
<testsuite hostname="BLR2T2WSF038" name="ReportCases.CopyOfEditData" tests="1" failures="0" timestamp="11 Sep 2018 04:51:55 GMT" time="16.216" errors="0">
  <testcase name="CurrentDayRecord" time="16.216" classname="ReportCases.CopyOfEditData"/>
</testsuite> <!-- ReportCases.CopyOfEditData -->
