<?xml version="1.0" encoding="UTF-8"?>
<!-- Generated by org.testng.reporters.JUnitReportReporter -->
<testsuite hostname="BLR2T2WSF038" name="ReportCases.ProjectRevenuePercentage" tests="1" failures="0" timestamp="18 Sep 2018 10:57:15 GMT" time="27.628" errors="0">
  <testcase name="ProjectRevenuePercentage" time="27.628" classname="ReportCases.ProjectRevenuePercentage"/>
</testsuite> <!-- ReportCases.ProjectRevenuePercentage -->
