<?xml version="1.0" encoding="UTF-8"?>
<!-- Generated by org.testng.reporters.JUnitReportReporter -->
<testsuite hostname="BLR2T2WSF038" name="tests.dailyEntryViewEditLink" tests="1" failures="0" timestamp="25 Sep 2018 09:47:01 GMT" time="33.939" errors="0">
  <testcase name="dailyEntryViewEditLink" time="33.939" classname="tests.dailyEntryViewEditLink"/>
</testsuite> <!-- tests.dailyEntryViewEditLink -->
