<?xml version="1.0" encoding="UTF-8"?>
<!-- Generated by org.testng.reporters.JUnitReportReporter -->
<testsuite skipped="0" hostname="waheyguru-PC" name="Assignments.WalmartReview_Assignment3" tests="1" failures="0" timestamp="2019-10-13T23:30:22 IST" time="84.654" errors="0">
  <testcase name="walmart" time="84.654" classname="Assignments.WalmartReview_Assignment3"/>
</testsuite> <!-- Assignments.WalmartReview_Assignment3 -->
