<?xml version="1.0" encoding="UTF-8"?>
<!-- Generated by org.testng.reporters.JUnitReportReporter -->
<testsuite hostname="BLR2T2WSF038" name="ReportCases.ProjectRevenue" tests="1" failures="0" timestamp="18 Sep 2018 04:16:48 GMT" time="23.613" errors="0">
  <testcase name="ProjectRevenue" time="23.613" classname="ReportCases.ProjectRevenue"/>
</testsuite> <!-- ReportCases.ProjectRevenue -->
