<?xml version="1.0" encoding="UTF-8"?>
<!-- Generated by org.testng.reporters.JUnitReportReporter -->
<testsuite hostname="BLR2T2WSF038" name="VerticalReports.VertiaclPercentageEstimationRevenue" tests="1" failures="0" timestamp="18 Sep 2018 07:40:39 GMT" time="28.459" errors="0">
  <testcase name="EstimationRevenue" time="28.459" classname="VerticalReports.VertiaclPercentageEstimationRevenue"/>
</testsuite> <!-- VerticalReports.VertiaclPercentageEstimationRevenue -->
