<?xml version="1.0" encoding="UTF-8"?>
<!-- Generated by org.testng.reporters.JUnitReportReporter -->
<testsuite hostname="BLR2T2WSF038" name="CurrentRevenue.DailyRCurrentRevFTE" tests="2" failures="0" timestamp="21 Jan 2019 08:13:26 GMT" time="35.329" errors="0">
  <testcase name="DailyRCurrentRevFTE" time="17.392" classname="CurrentRevenue.DailyRCurrentRevFTE"/>
  <testcase name="ClientCurrentRevFTE" time="17.937" classname="CurrentRevenue.DailyRCurrentRevFTE"/>
</testsuite> <!-- CurrentRevenue.DailyRCurrentRevFTE -->
