<?xml version="1.0" encoding="UTF-8"?>
<!-- Generated by org.testng.reporters.JUnitReportReporter -->
<testsuite hostname="BLR2T2WSF038" name="ReportCases.DailyCurentRevenuePercentage" tests="1" failures="0" timestamp="21 Jan 2019 07:16:47 GMT" time="27.510" errors="0">
  <testcase name="DailyCurentRevenuePercentage" time="27.510" classname="ReportCases.DailyCurentRevenuePercentage"/>
</testsuite> <!-- ReportCases.DailyCurentRevenuePercentage -->
