<?xml version="1.0" encoding="UTF-8"?>
<!-- Generated by org.testng.reporters.JUnitReportReporter -->
<testsuite hostname="BLR2T2WSF038" name="tests.RejectRecords" tests="1" failures="0" timestamp="21 Jan 2019 08:13:26 GMT" time="115.892" errors="0">
  <testcase name="RejectRecords" time="115.892" classname="tests.RejectRecords"/>
</testsuite> <!-- tests.RejectRecords -->
