<?xml version="1.0" encoding="UTF-8"?>
<!-- Generated by org.testng.reporters.JUnitReportReporter -->
<testsuite hostname="BLR2T2WSF038" name="dataVertical.dataEditDataPendingStatus" tests="1" failures="0" timestamp="6 Nov 2018 06:13:24 GMT" time="85.837" errors="0">
  <testcase name="dataEditDataPendingStatus" time="85.837" classname="dataVertical.dataEditDataPendingStatus"/>
</testsuite> <!-- dataVertical.dataEditDataPendingStatus -->
