<?xml version="1.0" encoding="UTF-8"?>
<!-- Generated by org.testng.reporters.JUnitReportReporter -->
<testsuite hostname="BLR2T2WSF038" name="ReportCases.DailyRevenueEstimatedRevenue" tests="2" failures="0" timestamp="21 Jan 2019 07:16:47 GMT" time="55.142" errors="0">
  <testcase name="DailyRevenueEstimatedRevenue" time="28.235" classname="ReportCases.DailyRevenueEstimatedRevenue"/>
  <testcase name="ClientEstimatedRevenue" time="26.907" classname="ReportCases.DailyRevenueEstimatedRevenue"/>
</testsuite> <!-- ReportCases.DailyRevenueEstimatedRevenue -->
