<?xml version="1.0" encoding="UTF-8"?>
<!-- Generated by org.testng.reporters.JUnitReportReporter -->
<testsuite hostname="BLR2T2WSF038" name="ClientService.ClientlEstimatedRevenue" tests="1" failures="0" timestamp="19 Sep 2018 07:14:50 GMT" time="28.759" errors="0">
  <testcase name="ClientlEstimatedRevenue" time="28.759" classname="ClientService.ClientlEstimatedRevenue"/>
</testsuite> <!-- ClientService.ClientlEstimatedRevenue -->
