<?xml version="1.0" encoding="UTF-8"?>
<!-- Generated by org.testng.reporters.JUnitReportReporter -->
<testsuite hostname="BLR2T2WSF038" name="Sharing.SharingPercentage" tests="3" failures="0" timestamp="21 Jan 2019 08:13:26 GMT" time="105.074" errors="0">
  <testcase name="C_ADminLogin" time="34.049" classname="Sharing.SharingPercentage"/>
  <testcase name="A_TLLogin" time="3.054" classname="Sharing.SharingPercentage"/>
  <testcase name="B_DailyCurentRevenuePercentage" time="67.971" classname="Sharing.SharingPercentage"/>
</testsuite> <!-- Sharing.SharingPercentage -->
