<?xml version="1.0" encoding="UTF-8"?>
<!-- Generated by org.testng.reporters.JUnitReportReporter -->
<testsuite hostname="BLR2T2WSF038" name="ReportCases.CurentRevenuePercentage" tests="1" failures="0" timestamp="18 Sep 2018 04:16:48 GMT" time="17.171" errors="0">
  <testcase name="ProjectRevenuePercentage" time="17.171" classname="ReportCases.CurentRevenuePercentage"/>
</testsuite> <!-- ReportCases.CurentRevenuePercentage -->
