<?xml version="1.0" encoding="UTF-8"?>
<!-- Generated by org.testng.reporters.JUnitReportReporter -->
<testsuite hostname="BLR2T2WSF038" name="tests.DailyEntryViewLocationProcess" tests="1" failures="0" timestamp="20 Aug 2018 10:27:43 GMT" time="6.072" errors="0">
  <testcase name="VerifiedEditPendingData" time="6.072" classname="tests.DailyEntryViewLocationProcess"/>
</testsuite> <!-- tests.DailyEntryViewLocationProcess -->
