<?xml version="1.0" encoding="UTF-8"?>
<!-- Generated by org.testng.reporters.JUnitReportReporter -->
<testsuite hostname="BLR2T2WSF038" name="tests.CurrentDayRecord" tests="1" failures="0" timestamp="21 Jan 2019 08:58:20 GMT" time="50.536" errors="0">
  <testcase name="CurrentDayRecord" time="50.536" classname="tests.CurrentDayRecord"/>
</testsuite> <!-- tests.CurrentDayRecord -->
