<?xml version="1.0" encoding="UTF-8"?>
<!-- Generated by org.testng.reporters.JUnitReportReporter -->
<testsuite hostname="BLR2T2WSF038" name="CurrentRevenue.VerticalCurrentFTE" tests="1" failures="0" timestamp="21 Jan 2019 08:13:26 GMT" time="17.595" errors="0">
  <testcase name="VerticalCurrentFTE" time="17.595" classname="CurrentRevenue.VerticalCurrentFTE"/>
</testsuite> <!-- CurrentRevenue.VerticalCurrentFTE -->
