<?xml version="1.0" encoding="UTF-8"?>
<!-- Generated by org.testng.reporters.JUnitReportReporter -->
<testsuite skipped="0" hostname="waheyguru-PC" name="test" tests="1" failures="0" timestamp="13 Oct 2019 07:06:13 GMT" time="0.015" errors="0">
  <testcase name="test" time="0.015" classname="test"/>
</testsuite> <!-- test -->
