<?xml version="1.0" encoding="UTF-8"?>
<!-- Generated by org.testng.reporters.JUnitReportReporter -->
<testsuite hostname="BLR2T2WSF038" name="Verticaldata.VerticalOperationManager" tests="1" failures="0" timestamp="15 Nov 2018 07:14:57 GMT" time="31.000" errors="0">
  <testcase name="OMScreenDataVertical" time="31.000" classname="Verticaldata.VerticalOperationManager"/>
</testsuite> <!-- Verticaldata.VerticalOperationManager -->
